# JRE version: 7.0_10-b18
# Java VM: Java HotSpot(TM) Client VM (23.6-b04 mixed mode, sharing windows-x86 )
Heap
 def new generation   total 4928K, used 4239K [0x244b0000, 0x24a00000, 0x29a00000)
  eden space 4416K,  93% used [0x244b0000, 0x248bda08, 0x24900000)
  from space 512K,  17% used [0x24900000, 0x24916468, 0x24980000)
  to   space 512K,   0% used [0x24980000, 0x24980000, 0x24a00000)
 tenured generation   total 10944K, used 2374K [0x29a00000, 0x2a4b0000, 0x344b0000)
   the space 10944K,  21% used [0x29a00000, 0x29c51bf0, 0x29c51c00, 0x2a4b0000)
 compacting perm gen  total 12288K, used 1891K [0x344b0000, 0x350b0000, 0x384b0000)
   the space 12288K,  15% used [0x344b0000, 0x34688fe0, 0x34689000, 0x350b0000)
    ro space 10240K,  45% used [0x384b0000, 0x38935e50, 0x38936000, 0x38eb0000)
    rw space 12288K,  54% used [0x38eb0000, 0x39538f78, 0x39539000, 0x39ab0000)
GC Heap History (8 events):
Event: 1.254 GC heap before
{Heap before GC invocations=0 (full 0):
 def new generation   total 4928K, used 3827K [0x244b0000, 0x24a00000, 0x29a00000)
  eden space 4416K,  86% used [0x244b0000, 0x2486cc58, 0x24900000)
  from space 512K,   0% used [0x24900000, 0x24900000, 0x24980000)
  to   space 512K,   0% used [0x24980000, 0x24980000, 0x24a00000)
 tenured generation   total 10944K, used 0K [0x29a00000, 0x2a4b0000, 0x344b0000)
   the space 10944K,   0% used [0x29a00000, 0x29a00000, 0x29a00200, 0x2a4b0000)
 compacting perm gen  total 12288K, used 1636K [0x344b0000, 0x350b0000, 0x384b0000)
   the space 12288K,  13% used [0x344b0000, 0x34649348, 0x34649400, 0x350b0000)
    ro space 10240K,  45% used [0x384b0000, 0x38935e50, 0x38936000, 0x38eb0000)
    rw space 12288K,  54% used [0x38eb0000, 0x39538f78, 0x39539000, 0x39ab0000)
Event: 1.272 GC heap after
Heap after GC invocations=1 (full 0):
 def new generation   total 4928K, used 512K [0x244b0000, 0x24a00000, 0x29a00000)
  eden space 4416K,   0% used [0x244b0000, 0x244b0000, 0x24900000)
  from space 512K, 100% used [0x24980000, 0x24a00000, 0x24a00000)
  to   space 512K,   0% used [0x24900000, 0x24900000, 0x24980000)
 tenured generation   total 10944K, used 687K [0x29a00000, 0x2a4b0000, 0x344b0000)
   the space 10944K,   6% used [0x29a00000, 0x29aabc58, 0x29aabe00, 0x2a4b0000)
 compacting perm gen  total 12288K, used 1636K [0x344b0000, 0x350b0000, 0x384b0000)
   the space 12288K,  13% used [0x344b0000, 0x34649348, 0x34649400, 0x350b0000)
    ro space 10240K,  45% used [0x384b0000, 0x38935e50, 0x38936000, 0x38eb0000)
    rw space 12288K,  54% used [0x38eb0000, 0x39538f78, 0x39539000, 0x39ab0000)
}
Event: 3.792 GC heap before
{Heap before GC invocations=1 (full 0):
 def new generation   total 4928K, used 4928K [0x244b0000, 0x24a00000, 0x29a00000)
  eden space 4416K, 100% used [0x244b0000, 0x24900000, 0x24900000)
  from space 512K, 100% used [0x24980000, 0x24a00000, 0x24a00000)
  to   space 512K,   0% used [0x24900000, 0x24900000, 0x24980000)
 tenured generation   total 10944K, used 687K [0x29a00000, 0x2a4b0000, 0x344b0000)
   the space 10944K,   6% used [0x29a00000, 0x29aabc58, 0x29aabe00, 0x2a4b0000)
 compacting perm gen  total 12288K, used 1700K [0x344b0000, 0x350b0000, 0x384b0000)
   the space 12288K,  13% used [0x344b0000, 0x346591a0, 0x34659200, 0x350b0000)
    ro space 10240K,  45% used [0x384b0000, 0x38935e50, 0x38936000, 0x38eb0000)
    rw space 12288K,  54% used [0x38eb0000, 0x39538f78, 0x39539000, 0x39ab0000)
Event: 3.804 GC heap after
Heap after GC invocations=2 (full 0):
 def new generation   total 4928K, used 173K [0x244b0000, 0x24a00000, 0x29a00000)
  eden space 4416K,   0% used [0x244b0000, 0x244b0000, 0x24900000)
  from space 512K,  33% used [0x24900000, 0x2492b588, 0x24980000)
  to   space 512K,   0% used [0x24980000, 0x24980000, 0x24a00000)
 tenured generation   total 10944K, used 2374K [0x29a00000, 0x2a4b0000, 0x344b0000)
   the space 10944K,  21% used [0x29a00000, 0x29c51bf0, 0x29c51c00, 0x2a4b0000)
 compacting perm gen  total 12288K, used 1700K [0x344b0000, 0x350b0000, 0x384b0000)
   the space 12288K,  13% used [0x344b0000, 0x346591a0, 0x34659200, 0x350b0000)
    ro space 10240K,  45% used [0x384b0000, 0x38935e50, 0x38936000, 0x38eb0000)
    rw space 12288K,  54% used [0x38eb0000, 0x39538f78, 0x39539000, 0x39ab0000)
}
Event: 3.896 GC heap before
{Heap before GC invocations=2 (full 0):
 def new generation   total 4928K, used 4589K [0x244b0000, 0x24a00000, 0x29a00000)
  eden space 4416K, 100% used [0x244b0000, 0x24900000, 0x24900000)
  from space 512K,  33% used [0x24900000, 0x2492b588, 0x24980000)
  to   space 512K,   0% used [0x24980000, 0x24980000, 0x24a00000)
 tenured generation   total 10944K, used 2374K [0x29a00000, 0x2a4b0000, 0x344b0000)
   the space 10944K,  21% used [0x29a00000, 0x29c51bf0, 0x29c51c00, 0x2a4b0000)
 compacting perm gen  total 12288K, used 1712K [0x344b0000, 0x350b0000, 0x384b0000)
   the space 12288K,  13% used [0x344b0000, 0x3465c098, 0x3465c200, 0x350b0000)
    ro space 10240K,  45% used [0x384b0000, 0x38935e50, 0x38936000, 0x38eb0000)
    rw space 12288K,  54% used [0x38eb0000, 0x39538f78, 0x39539000, 0x39ab0000)
Event: 3.900 GC heap after
Heap after GC invocations=3 (full 0):
 def new generation   total 4928K, used 192K [0x244b0000, 0x24a00000, 0x29a00000)
  eden space 4416K,   0% used [0x244b0000, 0x244b0000, 0x24900000)
  from space 512K,  37% used [0x24980000, 0x249b02e8, 0x24a00000)
  to   space 512K,   0% used [0x24900000, 0x24900000, 0x24980000)
 tenured generation   total 10944K, used 2374K [0x29a00000, 0x2a4b0000, 0x344b0000)
   the space 10944K,  21% used [0x29a00000, 0x29c51bf0, 0x29c51c00, 0x2a4b0000)
 compacting perm gen  total 12288K, used 1712K [0x344b0000, 0x350b0000, 0x384b0000)
   the space 12288K,  13% used [0x344b0000, 0x3465c098, 0x3465c200, 0x350b0000)
    ro space 10240K,  45% used [0x384b0000, 0x38935e50, 0x38936000, 0x38eb0000)
    rw space 12288K,  54% used [0x38eb0000, 0x39538f78, 0x39539000, 0x39ab0000)
}
Event: 4.009 GC heap before
{Heap before GC invocations=3 (full 0):
 def new generation   total 4928K, used 4605K [0x244b0000, 0x24a00000, 0x29a00000)
  eden space 4416K,  99% used [0x244b0000, 0x248ff160, 0x24900000)
  from space 512K,  37% used [0x24980000, 0x249b02e8, 0x24a00000)
  to   space 512K,   0% used [0x24900000, 0x24900000, 0x24980000)
 tenured generation   total 10944K, used 2374K [0x29a00000, 0x2a4b0000, 0x344b0000)
   the space 10944K,  21% used [0x29a00000, 0x29c51bf0, 0x29c51c00, 0x2a4b0000)
 compacting perm gen  total 12288K, used 1712K [0x344b0000, 0x350b0000, 0x384b0000)
   the space 12288K,  13% used [0x344b0000, 0x3465c098, 0x3465c200, 0x350b0000)
    ro space 10240K,  45% used [0x384b0000, 0x38935e50, 0x38936000, 0x38eb0000)
    rw space 12288K,  54% used [0x38eb0000, 0x39538f78, 0x39539000, 0x39ab0000)
Event: 4.011 GC heap after
Heap after GC invocations=4 (full 0):
 def new generation   total 4928K, used 89K [0x244b0000, 0x24a00000, 0x29a00000)
  eden space 4416K,   0% used [0x244b0000, 0x244b0000, 0x24900000)
  from space 512K,  17% used [0x24900000, 0x24916468, 0x24980000)
  to   space 512K,   0% used [0x24980000, 0x24980000, 0x24a00000)
 tenured generation   total 10944K, used 2374K [0x29a00000, 0x2a4b0000, 0x344b0000)
   the space 10944K,  21% used [0x29a00000, 0x29c51bf0, 0x29c51c00, 0x2a4b0000)
 compacting perm gen  total 12288K, used 1712K [0x344b0000, 0x350b0000, 0x384b0000)
   the space 12288K,  13% used [0x344b0000, 0x3465c098, 0x3465c200, 0x350b0000)
    ro space 10240K,  45% used [0x384b0000, 0x38935e50, 0x38936000, 0x38eb0000)
    rw space 12288K,  54% used [0x38eb0000, 0x39538f78, 0x39539000, 0x39ab0000)
}

