# JRE version: 7.0_10-b18
# Java VM: Java HotSpot(TM) Client VM (23.6-b04 mixed mode, sharing windows-x86 )
Heap
 def new generation   total 4928K, used 1991K [0x244b0000, 0x24a00000, 0x29a00000)
  eden space 4416K,  40% used [0x244b0000, 0x246702b0, 0x24900000)
  from space 512K,  38% used [0x24980000, 0x249b1b50, 0x24a00000)
  to   space 512K,   0% used [0x24900000, 0x24900000, 0x24980000)
 tenured generation   total 10944K, used 2375K [0x29a00000, 0x2a4b0000, 0x344b0000)
   the space 10944K,  21% used [0x29a00000, 0x29c51c48, 0x29c51e00, 0x2a4b0000)
 compacting perm gen  total 12288K, used 2132K [0x344b0000, 0x350b0000, 0x384b0000)
   the space 12288K,  17% used [0x344b0000, 0x346c5158, 0x346c5200, 0x350b0000)
    ro space 10240K,  45% used [0x384b0000, 0x38935e50, 0x38936000, 0x38eb0000)
    rw space 12288K,  54% used [0x38eb0000, 0x39538f78, 0x39539000, 0x39ab0000)
GC Heap History (10 events):
Event: 1.121 GC heap before
{Heap before GC invocations=0 (full 0):
 def new generation   total 4928K, used 3938K [0x244b0000, 0x24a00000, 0x29a00000)
  eden space 4416K,  89% used [0x244b0000, 0x24888b30, 0x24900000)
  from space 512K,   0% used [0x24900000, 0x24900000, 0x24980000)
  to   space 512K,   0% used [0x24980000, 0x24980000, 0x24a00000)
 tenured generation   total 10944K, used 0K [0x29a00000, 0x2a4b0000, 0x344b0000)
   the space 10944K,   0% used [0x29a00000, 0x29a00000, 0x29a00200, 0x2a4b0000)
 compacting perm gen  total 12288K, used 1636K [0x344b0000, 0x350b0000, 0x384b0000)
   the space 12288K,  13% used [0x344b0000, 0x34649348, 0x34649400, 0x350b0000)
    ro space 10240K,  45% used [0x384b0000, 0x38935e50, 0x38936000, 0x38eb0000)
    rw space 12288K,  54% used [0x38eb0000, 0x39538f78, 0x39539000, 0x39ab0000)
Event: 1.134 GC heap after
Heap after GC invocations=1 (full 0):
 def new generation   total 4928K, used 512K [0x244b0000, 0x24a00000, 0x29a00000)
  eden space 4416K,   0% used [0x244b0000, 0x244b0000, 0x24900000)
  from space 512K, 100% used [0x24980000, 0x24a00000, 0x24a00000)
  to   space 512K,   0% used [0x24900000, 0x24900000, 0x24980000)
 tenured generation   total 10944K, used 687K [0x29a00000, 0x2a4b0000, 0x344b0000)
   the space 10944K,   6% used [0x29a00000, 0x29aabcb0, 0x29aabe00, 0x2a4b0000)
 compacting perm gen  total 12288K, used 1636K [0x344b0000, 0x350b0000, 0x384b0000)
   the space 12288K,  13% used [0x344b0000, 0x34649348, 0x34649400, 0x350b0000)
    ro space 10240K,  45% used [0x384b0000, 0x38935e50, 0x38936000, 0x38eb0000)
    rw space 12288K,  54% used [0x38eb0000, 0x39538f78, 0x39539000, 0x39ab0000)
}
Event: 3.332 GC heap before
{Heap before GC invocations=1 (full 0):
 def new generation   total 4928K, used 4928K [0x244b0000, 0x24a00000, 0x29a00000)
  eden space 4416K, 100% used [0x244b0000, 0x24900000, 0x24900000)
  from space 512K, 100% used [0x24980000, 0x24a00000, 0x24a00000)
  to   space 512K,   0% used [0x24900000, 0x24900000, 0x24980000)
 tenured generation   total 10944K, used 687K [0x29a00000, 0x2a4b0000, 0x344b0000)
   the space 10944K,   6% used [0x29a00000, 0x29aabcb0, 0x29aabe00, 0x2a4b0000)
 compacting perm gen  total 12288K, used 1700K [0x344b0000, 0x350b0000, 0x384b0000)
   the space 12288K,  13% used [0x344b0000, 0x34659190, 0x34659200, 0x350b0000)
    ro space 10240K,  45% used [0x384b0000, 0x38935e50, 0x38936000, 0x38eb0000)
    rw space 12288K,  54% used [0x38eb0000, 0x39538f78, 0x39539000, 0x39ab0000)
Event: 3.345 GC heap after
Heap after GC invocations=2 (full 0):
 def new generation   total 4928K, used 173K [0x244b0000, 0x24a00000, 0x29a00000)
  eden space 4416K,   0% used [0x244b0000, 0x244b0000, 0x24900000)
  from space 512K,  33% used [0x24900000, 0x2492b748, 0x24980000)
  to   space 512K,   0% used [0x24980000, 0x24980000, 0x24a00000)
 tenured generation   total 10944K, used 2375K [0x29a00000, 0x2a4b0000, 0x344b0000)
   the space 10944K,  21% used [0x29a00000, 0x29c51c48, 0x29c51e00, 0x2a4b0000)
 compacting perm gen  total 12288K, used 1700K [0x344b0000, 0x350b0000, 0x384b0000)
   the space 12288K,  13% used [0x344b0000, 0x34659190, 0x34659200, 0x350b0000)
    ro space 10240K,  45% used [0x384b0000, 0x38935e50, 0x38936000, 0x38eb0000)
    rw space 12288K,  54% used [0x38eb0000, 0x39538f78, 0x39539000, 0x39ab0000)
}
Event: 3.424 GC heap before
{Heap before GC invocations=2 (full 0):
 def new generation   total 4928K, used 4589K [0x244b0000, 0x24a00000, 0x29a00000)
  eden space 4416K, 100% used [0x244b0000, 0x24900000, 0x24900000)
  from space 512K,  33% used [0x24900000, 0x2492b748, 0x24980000)
  to   space 512K,   0% used [0x24980000, 0x24980000, 0x24a00000)
 tenured generation   total 10944K, used 2375K [0x29a00000, 0x2a4b0000, 0x344b0000)
   the space 10944K,  21% used [0x29a00000, 0x29c51c48, 0x29c51e00, 0x2a4b0000)
 compacting perm gen  total 12288K, used 1712K [0x344b0000, 0x350b0000, 0x384b0000)
   the space 12288K,  13% used [0x344b0000, 0x3465c058, 0x3465c200, 0x350b0000)
    ro space 10240K,  45% used [0x384b0000, 0x38935e50, 0x38936000, 0x38eb0000)
    rw space 12288K,  54% used [0x38eb0000, 0x39538f78, 0x39539000, 0x39ab0000)
Event: 3.429 GC heap after
Heap after GC invocations=3 (full 0):
 def new generation   total 4928K, used 201K [0x244b0000, 0x24a00000, 0x29a00000)
  eden space 4416K,   0% used [0x244b0000, 0x244b0000, 0x24900000)
  from space 512K,  39% used [0x24980000, 0x249b2530, 0x24a00000)
  to   space 512K,   0% used [0x24900000, 0x24900000, 0x24980000)
 tenured generation   total 10944K, used 2375K [0x29a00000, 0x2a4b0000, 0x344b0000)
   the space 10944K,  21% used [0x29a00000, 0x29c51c48, 0x29c51e00, 0x2a4b0000)
 compacting perm gen  total 12288K, used 1712K [0x344b0000, 0x350b0000, 0x384b0000)
   the space 12288K,  13% used [0x344b0000, 0x3465c058, 0x3465c200, 0x350b0000)
    ro space 10240K,  45% used [0x384b0000, 0x38935e50, 0x38936000, 0x38eb0000)
    rw space 12288K,  54% used [0x38eb0000, 0x39538f78, 0x39539000, 0x39ab0000)
}
Event: 3.507 GC heap before
{Heap before GC invocations=3 (full 0):
 def new generation   total 4928K, used 4617K [0x244b0000, 0x24a00000, 0x29a00000)
  eden space 4416K, 100% used [0x244b0000, 0x24900000, 0x24900000)
  from space 512K,  39% used [0x24980000, 0x249b2530, 0x24a00000)
  to   space 512K,   0% used [0x24900000, 0x24900000, 0x24980000)
 tenured generation   total 10944K, used 2375K [0x29a00000, 0x2a4b0000, 0x344b0000)
   the space 10944K,  21% used [0x29a00000, 0x29c51c48, 0x29c51e00, 0x2a4b0000)
 compacting perm gen  total 12288K, used 1712K [0x344b0000, 0x350b0000, 0x384b0000)
   the space 12288K,  13% used [0x344b0000, 0x3465c058, 0x3465c200, 0x350b0000)
    ro space 10240K,  45% used [0x384b0000, 0x38935e50, 0x38936000, 0x38eb0000)
    rw space 12288K,  54% used [0x38eb0000, 0x39538f78, 0x39539000, 0x39ab0000)
Event: 3.510 GC heap after
Heap after GC invocations=4 (full 0):
 def new generation   total 4928K, used 182K [0x244b0000, 0x24a00000, 0x29a00000)
  eden space 4416K,   0% used [0x244b0000, 0x244b0000, 0x24900000)
  from space 512K,  35% used [0x24900000, 0x2492db70, 0x24980000)
  to   space 512K,   0% used [0x24980000, 0x24980000, 0x24a00000)
 tenured generation   total 10944K, used 2375K [0x29a00000, 0x2a4b0000, 0x344b0000)
   the space 10944K,  21% used [0x29a00000, 0x29c51c48, 0x29c51e00, 0x2a4b0000)
 compacting perm gen  total 12288K, used 1712K [0x344b0000, 0x350b0000, 0x384b0000)
   the space 12288K,  13% used [0x344b0000, 0x3465c058, 0x3465c200, 0x350b0000)
    ro space 10240K,  45% used [0x384b0000, 0x38935e50, 0x38936000, 0x38eb0000)
    rw space 12288K,  54% used [0x38eb0000, 0x39538f78, 0x39539000, 0x39ab0000)
}
Event: 6.550 GC heap before
{Heap before GC invocations=4 (full 0):
 def new generation   total 4928K, used 4598K [0x244b0000, 0x24a00000, 0x29a00000)
  eden space 4416K, 100% used [0x244b0000, 0x24900000, 0x24900000)
  from space 512K,  35% used [0x24900000, 0x2492db70, 0x24980000)
  to   space 512K,   0% used [0x24980000, 0x24980000, 0x24a00000)
 tenured generation   total 10944K, used 2375K [0x29a00000, 0x2a4b0000, 0x344b0000)
   the space 10944K,  21% used [0x29a00000, 0x29c51c48, 0x29c51e00, 0x2a4b0000)
 compacting perm gen  total 12288K, used 1914K [0x344b0000, 0x350b0000, 0x384b0000)
   the space 12288K,  15% used [0x344b0000, 0x3468e858, 0x3468ea00, 0x350b0000)
    ro space 10240K,  45% used [0x384b0000, 0x38935e50, 0x38936000, 0x38eb0000)
    rw space 12288K,  54% used [0x38eb0000, 0x39538f78, 0x39539000, 0x39ab0000)
Event: 6.554 GC heap after
Heap after GC invocations=5 (full 0):
 def new generation   total 4928K, used 198K [0x244b0000, 0x24a00000, 0x29a00000)
  eden space 4416K,   0% used [0x244b0000, 0x244b0000, 0x24900000)
  from space 512K,  38% used [0x24980000, 0x249b1b50, 0x24a00000)
  to   space 512K,   0% used [0x24900000, 0x24900000, 0x24980000)
 tenured generation   total 10944K, used 2375K [0x29a00000, 0x2a4b0000, 0x344b0000)
   the space 10944K,  21% used [0x29a00000, 0x29c51c48, 0x29c51e00, 0x2a4b0000)
 compacting perm gen  total 12288K, used 1914K [0x344b0000, 0x350b0000, 0x384b0000)
   the space 12288K,  15% used [0x344b0000, 0x3468e858, 0x3468ea00, 0x350b0000)
    ro space 10240K,  45% used [0x384b0000, 0x38935e50, 0x38936000, 0x38eb0000)
    rw space 12288K,  54% used [0x38eb0000, 0x39538f78, 0x39539000, 0x39ab0000)
}

